C:\USERS\URABE\OPENRTM\WORKSPACE\COMP1.1V64B\SHMODELS\SH_V1\BUILD1\SRC\CMAKEFILES\GENERATE.STAMP
C:\USERS\URABE\OPENRTM\WORKSPACE\COMP1.1V64B\SHMODELS\SH_V1\BUILD1\SRC\DEBUG\SH_V1.DLL
C:\Users\urabe\OpenRTM\workspace\comp1.1v64b\shmodels\sh_V1\build1\src\Debug\sh_V1.exp
C:\USERS\URABE\OPENRTM\WORKSPACE\COMP1.1V64B\SHMODELS\SH_V1\BUILD1\SRC\DEBUG\SH_V1.ILK
C:\Users\urabe\OpenRTM\workspace\comp1.1v64b\shmodels\sh_V1\build1\src\Debug\sh_V1.lib
C:\USERS\URABE\OPENRTM\WORKSPACE\COMP1.1V64B\SHMODELS\SH_V1\BUILD1\SRC\DEBUG\SH_V1.PDB
C:\Users\urabe\OpenRTM\workspace\comp1.1v64b\shmodels\sh_V1\build1\src\sh_V1.dir\Debug\cl.command.1.tlog
C:\Users\urabe\OpenRTM\workspace\comp1.1v64b\shmodels\sh_V1\build1\src\sh_V1.dir\Debug\CL.read.1.tlog
C:\Users\urabe\OpenRTM\workspace\comp1.1v64b\shmodels\sh_V1\build1\src\sh_V1.dir\Debug\CL.write.1.tlog
C:\Users\urabe\OpenRTM\workspace\comp1.1v64b\shmodels\sh_V1\build1\src\sh_V1.dir\Debug\custombuild.command.1.tlog
C:\Users\urabe\OpenRTM\workspace\comp1.1v64b\shmodels\sh_V1\build1\src\sh_V1.dir\Debug\custombuild.read.1.tlog
C:\Users\urabe\OpenRTM\workspace\comp1.1v64b\shmodels\sh_V1\build1\src\sh_V1.dir\Debug\custombuild.write.1.tlog
C:\Users\urabe\OpenRTM\workspace\comp1.1v64b\shmodels\sh_V1\build1\src\sh_V1.dir\Debug\link.10468.read.1.tlog
C:\Users\urabe\OpenRTM\workspace\comp1.1v64b\shmodels\sh_V1\build1\src\sh_V1.dir\Debug\link.10468.write.1.tlog
C:\Users\urabe\OpenRTM\workspace\comp1.1v64b\shmodels\sh_V1\build1\src\sh_V1.dir\Debug\link.10468-cvtres.read.1.tlog
C:\Users\urabe\OpenRTM\workspace\comp1.1v64b\shmodels\sh_V1\build1\src\sh_V1.dir\Debug\link.10468-cvtres.write.1.tlog
C:\Users\urabe\OpenRTM\workspace\comp1.1v64b\shmodels\sh_V1\build1\src\sh_V1.dir\Debug\link.command.1.tlog
C:\Users\urabe\OpenRTM\workspace\comp1.1v64b\shmodels\sh_V1\build1\src\sh_V1.dir\Debug\link.read.1.tlog
C:\Users\urabe\OpenRTM\workspace\comp1.1v64b\shmodels\sh_V1\build1\src\sh_V1.dir\Debug\link.write.1.tlog
C:\Users\urabe\OpenRTM\workspace\comp1.1v64b\shmodels\sh_V1\build1\src\sh_V1.dir\Debug\link-cvtres.read.1.tlog
C:\Users\urabe\OpenRTM\workspace\comp1.1v64b\shmodels\sh_V1\build1\src\sh_V1.dir\Debug\link-cvtres.write.1.tlog
C:\Users\urabe\OpenRTM\workspace\comp1.1v64b\shmodels\sh_V1\build1\src\sh_V1.dir\Debug\mt.command.1.tlog
C:\Users\urabe\OpenRTM\workspace\comp1.1v64b\shmodels\sh_V1\build1\src\sh_V1.dir\Debug\mt.read.1.tlog
C:\Users\urabe\OpenRTM\workspace\comp1.1v64b\shmodels\sh_V1\build1\src\sh_V1.dir\Debug\mt.write.1.tlog
C:\Users\urabe\OpenRTM\workspace\comp1.1v64b\shmodels\sh_V1\build1\src\sh_V1.dir\Debug\rc.command.1.tlog
C:\Users\urabe\OpenRTM\workspace\comp1.1v64b\shmodels\sh_V1\build1\src\sh_V1.dir\Debug\rc.read.1.tlog
C:\Users\urabe\OpenRTM\workspace\comp1.1v64b\shmodels\sh_V1\build1\src\sh_V1.dir\Debug\rc.write.1.tlog
C:\USERS\URABE\OPENRTM\WORKSPACE\COMP1.1V64B\SHMODELS\SH_V1\BUILD1\SRC\SH_V1.DIR\DEBUG\SH_V1.DLL.EMBED.MANIFEST
C:\USERS\URABE\OPENRTM\WORKSPACE\COMP1.1V64B\SHMODELS\SH_V1\BUILD1\SRC\SH_V1.DIR\DEBUG\SH_V1.DLL.EMBED.MANIFEST.RES
C:\USERS\URABE\OPENRTM\WORKSPACE\COMP1.1V64B\SHMODELS\SH_V1\BUILD1\SRC\SH_V1.DIR\DEBUG\SH_V1.DLL.INTERMEDIATE.MANIFEST
C:\USERS\URABE\OPENRTM\WORKSPACE\COMP1.1V64B\SHMODELS\SH_V1\BUILD1\SRC\SH_V1.DIR\DEBUG\SH_V1.OBJ
C:\Users\urabe\OpenRTM\workspace\comp1.1v64b\shmodels\sh_V1\build1\src\sh_V1.dir\Debug\sh_V1.write.1.tlog
C:\Users\urabe\OpenRTM\workspace\comp1.1v64b\shmodels\sh_V1\build1\src\sh_V1.dir\Debug\sh_V1_manifest.rc
C:\USERS\URABE\OPENRTM\WORKSPACE\COMP1.1V64B\SHMODELS\SH_V1\BUILD1\SRC\SH_V1.DIR\DEBUG\SHMODEL_TYPEDYNSK.OBJ
C:\USERS\URABE\OPENRTM\WORKSPACE\COMP1.1V64B\SHMODELS\SH_V1\BUILD1\SRC\SH_V1.DIR\DEBUG\SHMODEL_TYPESK.OBJ
C:\USERS\URABE\OPENRTM\WORKSPACE\COMP1.1V64B\SHMODELS\SH_V1\BUILD1\SRC\SH_V1.DIR\DEBUG\VC100.PDB
