Jun 10 03:56:09.433 INFO: manager: 1.1.0
Jun 10 03:56:09.433 INFO: manager: Copyright (C) 2003-2010
Jun 10 03:56:09.433 INFO: manager:   Noriaki Ando
Jun 10 03:56:09.433 INFO: manager:   Intelligent Systems Research Institute, AIST
Jun 10 03:56:09.433 INFO: manager: Manager starting.
Jun 10 03:56:09.433 INFO: manager: Starting local logging.
Jun 10 03:56:09.464 INFO: NamingOnCorba: Endpoint for the CORBA naming service (localhost) is 127.0.0.1.
Jun 10 03:56:09.464 INFO: NamingManager: NameServer connection succeeded: corba/localhost
Jun 10 03:56:11.586 INFO: ManagerServant: Master manager not found
Jun 10 03:56:54.923 WARNING: SdoServiceAdmin: No available SDO service in the factory: 
Jun 10 03:56:54.940 WARNING: SdoServiceAdmin: No available SDO service in the factory: IDL:OpenRTM/ComponentObserver:1.0
Jun 10 03:58:03.012 WARNING: output2: connection_lost id: 9d8b34a2-fe60-4380-b168-ef7c082fc83a
Jun 10 03:58:38.400 WARNING: output2: connection_lost id: 1571dae7-f3cd-42b5-9c27-fe6b04569c0f
Jun 10 03:59:28.252 WARNING: output2: connection_lost id: 453d4a9d-cccf-48f5-bac9-d255dc7476a7
Jun 10 04:00:40.865 WARNING: output2: connection_lost id: 0d6a4b56-c61e-4bec-b45c-3377ec3b440c
Jun 10 04:03:31.370 WARNING: output2: connection_lost id: 4b0b3724-8de2-4f48-980f-e5be5f63241d
Jun 10 04:24:45.347 INFO: manager: 1.1.0
Jun 10 04:24:45.347 INFO: manager: Copyright (C) 2003-2010
Jun 10 04:24:45.347 INFO: manager:   Noriaki Ando
Jun 10 04:24:45.347 INFO: manager:   Intelligent Systems Research Institute, AIST
Jun 10 04:24:45.347 INFO: manager: Manager starting.
Jun 10 04:24:45.347 INFO: manager: Starting local logging.
Jun 10 04:24:45.382 INFO: NamingOnCorba: Endpoint for the CORBA naming service (localhost) is 127.0.0.1.
Jun 10 04:24:45.382 INFO: NamingManager: NameServer connection succeeded: corba/localhost
Jun 10 04:24:47.392 INFO: ManagerServant: Master manager not found
Jun 10 04:24:51.178 WARNING: SdoServiceAdmin: No available SDO service in the factory: 
Jun 10 04:24:51.179 WARNING: SdoServiceAdmin: No available SDO service in the factory: IDL:OpenRTM/ComponentObserver:1.0
Jun 10 04:25:04.940 WARNING: output2: connection_lost id: 93219b77-6feb-41dd-8d30-02aeb526a598
