  Building Custom Rule C:/Users/urabe/OpenRTM/workspace/comp1.1v64b/shmodels/sh_V1/src/CMakeLists.txt
  CMake does not need to re-run because C:\Users\urabe\OpenRTM\workspace\comp1.1v64b\shmodels\sh_V1\build1\src\CMakeFiles\generate.stamp is up-to-date.
  sh_V1Comp.cpp
C:\Program Files\OpenRTM-aist\1.1\rtm/InPortBase.h(599): warning C4290: C++ の例外の指定は無視されます。関数が __declspec(nothrow) でないことのみ表示されます。
C:\Program Files\OpenRTM-aist\1.1\rtm/InPortConsumer.h(258): warning C4231: 非標準の拡張機能が使用されています : 'extern' がテンプレートの明示的なインスタンス生成の前に見つかりました。
C:\Program Files\OpenRTM-aist\1.1\coil/Factory.h(424): warning C4251: 'coil::Factory<AbstractClass,Identifier,Compare,Creator,Destructor>::m_creators' : class 'std::map<_Kty,_Ty>' は __export キーワードを使って class 'coil::Factory<AbstractClass,Identifier,Compare,Creator,Destructor>' にエクスポートしてください。
          with
          [
              AbstractClass=RTC::InPortConsumer,
              Identifier=std::string,
              Compare=std::less<std::string>,
              Creator=RTC::InPortConsumer *(__cdecl *)(void),
              Destructor=void (__cdecl *)(RTC::InPortConsumer *&)
          ]
          and
          [
              _Kty=std::string,
              _Ty=coil::Factory<RTC::InPortConsumer,std::string,std::less<std::string>,RTC::InPortConsumer *(__cdecl *)(void),void (__cdecl *)(RTC::InPortConsumer *&)>::FactoryEntry
          ]
          and
          [
              AbstractClass=RTC::InPortConsumer,
              Identifier=std::string,
              Compare=std::less<std::string>,
              Creator=RTC::InPortConsumer *(__cdecl *)(void),
              Destructor=void (__cdecl *)(RTC::InPortConsumer *&)
          ]
          C:\Program Files\OpenRTM-aist\1.1\rtm/InPortConsumer.h(258) : コンパイルされたクラスの テンプレート のインスタンス化 'coil::GlobalFactory<AbstractClass>' の参照を確認してください
          with
          [
              AbstractClass=RTC::InPortConsumer
          ]
C:\Program Files\OpenRTM-aist\1.1\rtm/OutPortProvider.h(551): warning C4231: 非標準の拡張機能が使用されています : 'extern' がテンプレートの明示的なインスタンス生成の前に見つかりました。
C:\Program Files\OpenRTM-aist\1.1\coil/Factory.h(424): warning C4251: 'coil::Factory<AbstractClass,Identifier,Compare,Creator,Destructor>::m_creators' : class 'std::map<_Kty,_Ty>' は __export キーワードを使って class 'coil::Factory<AbstractClass,Identifier,Compare,Creator,Destructor>' にエクスポートしてください。
          with
          [
              AbstractClass=RTC::OutPortProvider,
              Identifier=std::string,
              Compare=std::less<std::string>,
              Creator=RTC::OutPortProvider *(__cdecl *)(void),
              Destructor=void (__cdecl *)(RTC::OutPortProvider *&)
          ]
          and
          [
              _Kty=std::string,
              _Ty=coil::Factory<RTC::OutPortProvider,std::string,std::less<std::string>,RTC::OutPortProvider *(__cdecl *)(void),void (__cdecl *)(RTC::OutPortProvider *&)>::FactoryEntry
          ]
          and
          [
              AbstractClass=RTC::OutPortProvider,
              Identifier=std::string,
              Compare=std::less<std::string>,
              Creator=RTC::OutPortProvider *(__cdecl *)(void),
              Destructor=void (__cdecl *)(RTC::OutPortProvider *&)
          ]
          C:\Program Files\OpenRTM-aist\1.1\rtm/OutPortProvider.h(551) : コンパイルされたクラスの テンプレート のインスタンス化 'coil::GlobalFactory<AbstractClass>' の参照を確認してください
          with
          [
              AbstractClass=RTC::OutPortProvider
          ]
C:\Program Files\OpenRTM-aist\1.1\rtm/OutPortBase.h(777): warning C4290: C++ の例外の指定は無視されます。関数が __declspec(nothrow) でないことのみ表示されます。
C:\Program Files\OpenRTM-aist\1.1\coil/Logger.h(229): warning C4267: '初期化中' : 'size_t' から 'int' に変換しました。データが失われているかもしれません。
          C:\Program Files\OpenRTM-aist\1.1\coil/Logger.h(227): クラス テンプレート のメンバー関数 'std::streamsize coil::log_streambuf<_CharT>::xsputn(const char *,std::streamsize)' のコンパイル中
          with
          [
              _CharT=char
          ]
          C:\Program Files\OpenRTM-aist\1.1\rtm/Manager.h(1645) : コンパイルされたクラスの テンプレート のインスタンス化 'coil::log_streambuf<_CharT>' の参照を確認してください
          with
          [
              _CharT=char
          ]
C:\Program Files\OpenRTM-aist\1.1\coil/Logger.h(255): warning C4244: '=' : '__int64' から 'int' への変換です。データが失われる可能性があります。
          C:\Program Files\OpenRTM-aist\1.1\coil/Logger.h(253): クラス テンプレート のメンバー関数 'std::streamsize coil::log_streambuf<_CharT>::stream_sputn(void)' のコンパイル中
          with
          [
              _CharT=char
          ]
C:\Program Files\OpenRTM-aist\1.1\coil/Logger.h(258): warning C4267: '初期化中' : 'size_t' から 'int' に変換しました。データが失われているかもしれません。
C:\Program Files\OpenRTM-aist\1.1\coil/Logger.h(266): warning C4244: '引数' : '__int64' から 'int' への変換です。データが失われる可能性があります。
C:\Program Files\OpenRTM-aist\1.1\coil/Logger.h(267): warning C4244: '引数' : '__int64' から 'int' への変換です。データが失われる可能性があります。
C:\Program Files\OpenRTM-aist\1.1\coil/Logger.h(296): warning C4267: '初期化中' : 'size_t' から 'int' に変換しました。データが失われているかもしれません。
          C:\Program Files\OpenRTM-aist\1.1\coil/Logger.h(294): クラス テンプレート のメンバー関数 'std::streamsize coil::log_streambuf<_CharT>::stream_sputn(const char *,std::streamsize)' のコンパイル中
          with
          [
              _CharT=char
          ]
C:\Program Files\OpenRTM-aist\1.1\coil/Logger.h(346): warning C4244: '初期化中' : '__int64' から 'int' への変換です。データが失われる可能性があります。
          C:\Program Files\OpenRTM-aist\1.1\coil/Logger.h(323): クラス テンプレート のメンバー関数 'int coil::log_streambuf<_CharT>::overflow(int)' のコンパイル中
          with
          [
              _CharT=char
          ]
C:\Program Files\OpenRTM-aist\1.1\coil/Logger.h(353): warning C4244: '引数' : '__int64' から 'int' への変換です。データが失われる可能性があります。
C:\Program Files\OpenRTM-aist\1.1\coil/Logger.h(354): warning C4244: '引数' : '__int64' から 'int' への変換です。データが失われる可能性があります。
C:\Program Files\OpenRTM-aist\1.1\coil/Logger.h(398): warning C4244: '=' : '__int64' から 'int' への変換です。データが失われる可能性があります。
          C:\Program Files\OpenRTM-aist\1.1\coil/Logger.h(390): クラス テンプレート のメンバー関数 'int coil::log_streambuf<_CharT>::sync(void)' のコンパイル中
          with
          [
              _CharT=char
          ]
C:\Program Files\OpenRTM-aist\1.1\coil/Logger.h(408): warning C4244: '引数' : '__int64' から 'int' への変換です。データが失われる可能性があります。
C:\Program Files\OpenRTM-aist\1.1\coil/Logger.h(409): warning C4244: '引数' : '__int64' から 'int' への変換です。データが失われる可能性があります。
C:\Program Files\OpenRTM-aist\1.1\rtm/InPort.h(240): warning C4267: '=' : 'size_t' から 'int' に変換しました。データが失われているかもしれません。
          C:\Program Files\OpenRTM-aist\1.1\rtm/InPort.h(226): クラス テンプレート のメンバー関数 'bool RTC::InPort<DataType>::isNew(void)' のコンパイル中
          with
          [
              DataType=RTC::CameraImage
          ]
          C:\Users\urabe\OpenRTM\workspace\comp1.1v64b\shmodels\sh_V1\include\sh_V1\sh_V1.h(237) : コンパイルされたクラスの テンプレート のインスタンス化 'RTC::InPort<DataType>' の参照を確認してください
          with
          [
              DataType=RTC::CameraImage
          ]
C:\Program Files\OpenRTM-aist\1.1\rtm/InPort.h(291): warning C4267: '=' : 'size_t' から 'int' に変換しました。データが失われているかもしれません。
          C:\Program Files\OpenRTM-aist\1.1\rtm/InPort.h(277): クラス テンプレート のメンバー関数 'bool RTC::InPort<DataType>::isEmpty(void)' のコンパイル中
          with
          [
              DataType=RTC::CameraImage
          ]
C:\Program Files\OpenRTM-aist\1.1\rtm/InPort.h(240): warning C4267: '=' : 'size_t' から 'int' に変換しました。データが失われているかもしれません。
          C:\Program Files\OpenRTM-aist\1.1\rtm/InPort.h(226): クラス テンプレート のメンバー関数 'bool RTC::InPort<DataType>::isNew(void)' のコンパイル中
          with
          [
              DataType=shmodel_type
          ]
          C:\Users\urabe\OpenRTM\workspace\comp1.1v64b\shmodels\sh_V1\include\sh_V1\sh_V1.h(241) : コンパイルされたクラスの テンプレート のインスタンス化 'RTC::InPort<DataType>' の参照を確認してください
          with
          [
              DataType=shmodel_type
          ]
C:\Program Files\OpenRTM-aist\1.1\rtm/InPort.h(291): warning C4267: '=' : 'size_t' から 'int' に変換しました。データが失われているかもしれません。
          C:\Program Files\OpenRTM-aist\1.1\rtm/InPort.h(277): クラス テンプレート のメンバー関数 'bool RTC::InPort<DataType>::isEmpty(void)' のコンパイル中
          with
          [
              DataType=shmodel_type
          ]
  sh_V1.cpp
C:\Program Files\OpenRTM-aist\1.1\rtm/InPortBase.h(599): warning C4290: C++ の例外の指定は無視されます。関数が __declspec(nothrow) でないことのみ表示されます。
C:\Program Files\OpenRTM-aist\1.1\rtm/InPortConsumer.h(258): warning C4231: 非標準の拡張機能が使用されています : 'extern' がテンプレートの明示的なインスタンス生成の前に見つかりました。
C:\Program Files\OpenRTM-aist\1.1\coil/Factory.h(424): warning C4251: 'coil::Factory<AbstractClass,Identifier,Compare,Creator,Destructor>::m_creators' : class 'std::map<_Kty,_Ty>' は __export キーワードを使って class 'coil::Factory<AbstractClass,Identifier,Compare,Creator,Destructor>' にエクスポートしてください。
          with
          [
              AbstractClass=RTC::InPortConsumer,
              Identifier=std::string,
              Compare=std::less<std::string>,
              Creator=RTC::InPortConsumer *(__cdecl *)(void),
              Destructor=void (__cdecl *)(RTC::InPortConsumer *&)
          ]
          and
          [
              _Kty=std::string,
              _Ty=coil::Factory<RTC::InPortConsumer,std::string,std::less<std::string>,RTC::InPortConsumer *(__cdecl *)(void),void (__cdecl *)(RTC::InPortConsumer *&)>::FactoryEntry
          ]
          and
          [
              AbstractClass=RTC::InPortConsumer,
              Identifier=std::string,
              Compare=std::less<std::string>,
              Creator=RTC::InPortConsumer *(__cdecl *)(void),
              Destructor=void (__cdecl *)(RTC::InPortConsumer *&)
          ]
          C:\Program Files\OpenRTM-aist\1.1\rtm/InPortConsumer.h(258) : コンパイルされたクラスの テンプレート のインスタンス化 'coil::GlobalFactory<AbstractClass>' の参照を確認してください
          with
          [
              AbstractClass=RTC::InPortConsumer
          ]
C:\Program Files\OpenRTM-aist\1.1\rtm/OutPortProvider.h(551): warning C4231: 非標準の拡張機能が使用されています : 'extern' がテンプレートの明示的なインスタンス生成の前に見つかりました。
C:\Program Files\OpenRTM-aist\1.1\coil/Factory.h(424): warning C4251: 'coil::Factory<AbstractClass,Identifier,Compare,Creator,Destructor>::m_creators' : class 'std::map<_Kty,_Ty>' は __export キーワードを使って class 'coil::Factory<AbstractClass,Identifier,Compare,Creator,Destructor>' にエクスポートしてください。
          with
          [
              AbstractClass=RTC::OutPortProvider,
              Identifier=std::string,
              Compare=std::less<std::string>,
              Creator=RTC::OutPortProvider *(__cdecl *)(void),
              Destructor=void (__cdecl *)(RTC::OutPortProvider *&)
          ]
          and
          [
              _Kty=std::string,
              _Ty=coil::Factory<RTC::OutPortProvider,std::string,std::less<std::string>,RTC::OutPortProvider *(__cdecl *)(void),void (__cdecl *)(RTC::OutPortProvider *&)>::FactoryEntry
          ]
          and
          [
              AbstractClass=RTC::OutPortProvider,
              Identifier=std::string,
              Compare=std::less<std::string>,
              Creator=RTC::OutPortProvider *(__cdecl *)(void),
              Destructor=void (__cdecl *)(RTC::OutPortProvider *&)
          ]
          C:\Program Files\OpenRTM-aist\1.1\rtm/OutPortProvider.h(551) : コンパイルされたクラスの テンプレート のインスタンス化 'coil::GlobalFactory<AbstractClass>' の参照を確認してください
          with
          [
              AbstractClass=RTC::OutPortProvider
          ]
C:\Program Files\OpenRTM-aist\1.1\rtm/OutPortBase.h(777): warning C4290: C++ の例外の指定は無視されます。関数が __declspec(nothrow) でないことのみ表示されます。
C:\Program Files\OpenRTM-aist\1.1\coil/Logger.h(229): warning C4267: '初期化中' : 'size_t' から 'int' に変換しました。データが失われているかもしれません。
          C:\Program Files\OpenRTM-aist\1.1\coil/Logger.h(227): クラス テンプレート のメンバー関数 'std::streamsize coil::log_streambuf<_CharT>::xsputn(const char *,std::streamsize)' のコンパイル中
          with
          [
              _CharT=char
          ]
          C:\Program Files\OpenRTM-aist\1.1\rtm/Manager.h(1645) : コンパイルされたクラスの テンプレート のインスタンス化 'coil::log_streambuf<_CharT>' の参照を確認してください
          with
          [
              _CharT=char
          ]
C:\Program Files\OpenRTM-aist\1.1\coil/Logger.h(255): warning C4244: '=' : '__int64' から 'int' への変換です。データが失われる可能性があります。
          C:\Program Files\OpenRTM-aist\1.1\coil/Logger.h(253): クラス テンプレート のメンバー関数 'std::streamsize coil::log_streambuf<_CharT>::stream_sputn(void)' のコンパイル中
          with
          [
              _CharT=char
          ]
C:\Program Files\OpenRTM-aist\1.1\coil/Logger.h(258): warning C4267: '初期化中' : 'size_t' から 'int' に変換しました。データが失われているかもしれません。
C:\Program Files\OpenRTM-aist\1.1\coil/Logger.h(266): warning C4244: '引数' : '__int64' から 'int' への変換です。データが失われる可能性があります。
C:\Program Files\OpenRTM-aist\1.1\coil/Logger.h(267): warning C4244: '引数' : '__int64' から 'int' への変換です。データが失われる可能性があります。
C:\Program Files\OpenRTM-aist\1.1\coil/Logger.h(296): warning C4267: '初期化中' : 'size_t' から 'int' に変換しました。データが失われているかもしれません。
          C:\Program Files\OpenRTM-aist\1.1\coil/Logger.h(294): クラス テンプレート のメンバー関数 'std::streamsize coil::log_streambuf<_CharT>::stream_sputn(const char *,std::streamsize)' のコンパイル中
          with
          [
              _CharT=char
          ]
C:\Program Files\OpenRTM-aist\1.1\coil/Logger.h(346): warning C4244: '初期化中' : '__int64' から 'int' への変換です。データが失われる可能性があります。
          C:\Program Files\OpenRTM-aist\1.1\coil/Logger.h(323): クラス テンプレート のメンバー関数 'int coil::log_streambuf<_CharT>::overflow(int)' のコンパイル中
          with
          [
              _CharT=char
          ]
C:\Program Files\OpenRTM-aist\1.1\coil/Logger.h(353): warning C4244: '引数' : '__int64' から 'int' への変換です。データが失われる可能性があります。
C:\Program Files\OpenRTM-aist\1.1\coil/Logger.h(354): warning C4244: '引数' : '__int64' から 'int' への変換です。データが失われる可能性があります。
C:\Program Files\OpenRTM-aist\1.1\coil/Logger.h(398): warning C4244: '=' : '__int64' から 'int' への変換です。データが失われる可能性があります。
          C:\Program Files\OpenRTM-aist\1.1\coil/Logger.h(390): クラス テンプレート のメンバー関数 'int coil::log_streambuf<_CharT>::sync(void)' のコンパイル中
          with
          [
              _CharT=char
          ]
C:\Program Files\OpenRTM-aist\1.1\coil/Logger.h(408): warning C4244: '引数' : '__int64' から 'int' への変換です。データが失われる可能性があります。
C:\Program Files\OpenRTM-aist\1.1\coil/Logger.h(409): warning C4244: '引数' : '__int64' から 'int' への変換です。データが失われる可能性があります。
C:\Program Files\OpenRTM-aist\1.1\rtm/InPort.h(240): warning C4267: '=' : 'size_t' から 'int' に変換しました。データが失われているかもしれません。
          C:\Program Files\OpenRTM-aist\1.1\rtm/InPort.h(226): クラス テンプレート のメンバー関数 'bool RTC::InPort<DataType>::isNew(void)' のコンパイル中
          with
          [
              DataType=RTC::CameraImage
          ]
          C:\Users\urabe\OpenRTM\workspace\comp1.1v64b\shmodels\sh_V1\include\sh_V1\sh_V1.h(237) : コンパイルされたクラスの テンプレート のインスタンス化 'RTC::InPort<DataType>' の参照を確認してください
          with
          [
              DataType=RTC::CameraImage
          ]
C:\Program Files\OpenRTM-aist\1.1\rtm/InPort.h(291): warning C4267: '=' : 'size_t' から 'int' に変換しました。データが失われているかもしれません。
          C:\Program Files\OpenRTM-aist\1.1\rtm/InPort.h(277): クラス テンプレート のメンバー関数 'bool RTC::InPort<DataType>::isEmpty(void)' のコンパイル中
          with
          [
              DataType=RTC::CameraImage
          ]
C:\Program Files\OpenRTM-aist\1.1\rtm/InPort.h(240): warning C4267: '=' : 'size_t' から 'int' に変換しました。データが失われているかもしれません。
          C:\Program Files\OpenRTM-aist\1.1\rtm/InPort.h(226): クラス テンプレート のメンバー関数 'bool RTC::InPort<DataType>::isNew(void)' のコンパイル中
          with
          [
              DataType=shmodel_type
          ]
          C:\Users\urabe\OpenRTM\workspace\comp1.1v64b\shmodels\sh_V1\include\sh_V1\sh_V1.h(241) : コンパイルされたクラスの テンプレート のインスタンス化 'RTC::InPort<DataType>' の参照を確認してください
          with
          [
              DataType=shmodel_type
          ]
C:\Program Files\OpenRTM-aist\1.1\rtm/InPort.h(291): warning C4267: '=' : 'size_t' から 'int' に変換しました。データが失われているかもしれません。
          C:\Program Files\OpenRTM-aist\1.1\rtm/InPort.h(277): クラス テンプレート のメンバー関数 'bool RTC::InPort<DataType>::isEmpty(void)' のコンパイル中
          with
          [
              DataType=shmodel_type
          ]
  shmodel_typeSK.cc
  shmodel_typeDynSK.cc
  Generating Code...
     ライブラリ C:/Users/urabe/OpenRTM/workspace/comp1.1v64b/shmodels/sh_V1/build1/src/Release/sh_V1Comp.lib とオブジェクト C:/Users/urabe/OpenRTM/workspace/comp1.1v64b/shmodels/sh_V1/build1/src/Release/sh_V1Comp.exp を作成中
  sh_V1Comp.vcxproj -> C:\Users\urabe\OpenRTM\workspace\comp1.1v64b\shmodels\sh_V1\build1\src\Release\sh_V1Comp.exe
