C:\USERS\URABE\OPENRTM\WORKSPACE\COMP1.1V64B\SHMODELS\SH_V1\BUILD1\SRC\CMAKEFILES\GENERATE.STAMP
C:\USERS\URABE\OPENRTM\WORKSPACE\COMP1.1V64B\SHMODELS\SH_V1\BUILD1\SRC\DEBUG\SH_V1COMP.EXE
C:\Users\urabe\OpenRTM\workspace\comp1.1v64b\shmodels\sh_V1\build1\src\Debug\sh_V1Comp.exp
C:\USERS\URABE\OPENRTM\WORKSPACE\COMP1.1V64B\SHMODELS\SH_V1\BUILD1\SRC\DEBUG\SH_V1COMP.ILK
C:\Users\urabe\OpenRTM\workspace\comp1.1v64b\shmodels\sh_V1\build1\src\Debug\sh_V1Comp.lib
C:\USERS\URABE\OPENRTM\WORKSPACE\COMP1.1V64B\SHMODELS\SH_V1\BUILD1\SRC\DEBUG\SH_V1COMP.PDB
C:\Users\urabe\OpenRTM\workspace\comp1.1v64b\shmodels\sh_V1\build1\src\sh_V1Comp.dir\Debug\cl.command.1.tlog
C:\Users\urabe\OpenRTM\workspace\comp1.1v64b\shmodels\sh_V1\build1\src\sh_V1Comp.dir\Debug\CL.read.1.tlog
C:\Users\urabe\OpenRTM\workspace\comp1.1v64b\shmodels\sh_V1\build1\src\sh_V1Comp.dir\Debug\CL.write.1.tlog
C:\Users\urabe\OpenRTM\workspace\comp1.1v64b\shmodels\sh_V1\build1\src\sh_V1Comp.dir\Debug\custombuild.command.1.tlog
C:\Users\urabe\OpenRTM\workspace\comp1.1v64b\shmodels\sh_V1\build1\src\sh_V1Comp.dir\Debug\custombuild.read.1.tlog
C:\Users\urabe\OpenRTM\workspace\comp1.1v64b\shmodels\sh_V1\build1\src\sh_V1Comp.dir\Debug\custombuild.write.1.tlog
C:\Users\urabe\OpenRTM\workspace\comp1.1v64b\shmodels\sh_V1\build1\src\sh_V1Comp.dir\Debug\link.10952.read.1.tlog
C:\Users\urabe\OpenRTM\workspace\comp1.1v64b\shmodels\sh_V1\build1\src\sh_V1Comp.dir\Debug\link.10952.write.1.tlog
C:\Users\urabe\OpenRTM\workspace\comp1.1v64b\shmodels\sh_V1\build1\src\sh_V1Comp.dir\Debug\link.10952-cvtres.read.1.tlog
C:\Users\urabe\OpenRTM\workspace\comp1.1v64b\shmodels\sh_V1\build1\src\sh_V1Comp.dir\Debug\link.10952-cvtres.write.1.tlog
C:\Users\urabe\OpenRTM\workspace\comp1.1v64b\shmodels\sh_V1\build1\src\sh_V1Comp.dir\Debug\link.command.1.tlog
C:\Users\urabe\OpenRTM\workspace\comp1.1v64b\shmodels\sh_V1\build1\src\sh_V1Comp.dir\Debug\link.read.1.tlog
C:\Users\urabe\OpenRTM\workspace\comp1.1v64b\shmodels\sh_V1\build1\src\sh_V1Comp.dir\Debug\link.write.1.tlog
C:\Users\urabe\OpenRTM\workspace\comp1.1v64b\shmodels\sh_V1\build1\src\sh_V1Comp.dir\Debug\link-cvtres.read.1.tlog
C:\Users\urabe\OpenRTM\workspace\comp1.1v64b\shmodels\sh_V1\build1\src\sh_V1Comp.dir\Debug\link-cvtres.write.1.tlog
C:\Users\urabe\OpenRTM\workspace\comp1.1v64b\shmodels\sh_V1\build1\src\sh_V1Comp.dir\Debug\mt.command.1.tlog
C:\Users\urabe\OpenRTM\workspace\comp1.1v64b\shmodels\sh_V1\build1\src\sh_V1Comp.dir\Debug\mt.read.1.tlog
C:\Users\urabe\OpenRTM\workspace\comp1.1v64b\shmodels\sh_V1\build1\src\sh_V1Comp.dir\Debug\mt.write.1.tlog
C:\Users\urabe\OpenRTM\workspace\comp1.1v64b\shmodels\sh_V1\build1\src\sh_V1Comp.dir\Debug\rc.command.1.tlog
C:\Users\urabe\OpenRTM\workspace\comp1.1v64b\shmodels\sh_V1\build1\src\sh_V1Comp.dir\Debug\rc.read.1.tlog
C:\Users\urabe\OpenRTM\workspace\comp1.1v64b\shmodels\sh_V1\build1\src\sh_V1Comp.dir\Debug\rc.write.1.tlog
C:\USERS\URABE\OPENRTM\WORKSPACE\COMP1.1V64B\SHMODELS\SH_V1\BUILD1\SRC\SH_V1COMP.DIR\DEBUG\SH_V1.OBJ
C:\USERS\URABE\OPENRTM\WORKSPACE\COMP1.1V64B\SHMODELS\SH_V1\BUILD1\SRC\SH_V1COMP.DIR\DEBUG\SH_V1COMP.EXE.EMBED.MANIFEST
C:\USERS\URABE\OPENRTM\WORKSPACE\COMP1.1V64B\SHMODELS\SH_V1\BUILD1\SRC\SH_V1COMP.DIR\DEBUG\SH_V1COMP.EXE.EMBED.MANIFEST.RES
C:\USERS\URABE\OPENRTM\WORKSPACE\COMP1.1V64B\SHMODELS\SH_V1\BUILD1\SRC\SH_V1COMP.DIR\DEBUG\SH_V1COMP.EXE.INTERMEDIATE.MANIFEST
C:\USERS\URABE\OPENRTM\WORKSPACE\COMP1.1V64B\SHMODELS\SH_V1\BUILD1\SRC\SH_V1COMP.DIR\DEBUG\SH_V1COMP.OBJ
C:\Users\urabe\OpenRTM\workspace\comp1.1v64b\shmodels\sh_V1\build1\src\sh_V1Comp.dir\Debug\sh_V1Comp.vcxprojResolveAssemblyReference.cache
C:\Users\urabe\OpenRTM\workspace\comp1.1v64b\shmodels\sh_V1\build1\src\sh_V1Comp.dir\Debug\sh_V1Comp.write.1.tlog
C:\Users\urabe\OpenRTM\workspace\comp1.1v64b\shmodels\sh_V1\build1\src\sh_V1Comp.dir\Debug\sh_V1Comp_manifest.rc
C:\USERS\URABE\OPENRTM\WORKSPACE\COMP1.1V64B\SHMODELS\SH_V1\BUILD1\SRC\SH_V1COMP.DIR\DEBUG\SHMODEL_TYPEDYNSK.OBJ
C:\USERS\URABE\OPENRTM\WORKSPACE\COMP1.1V64B\SHMODELS\SH_V1\BUILD1\SRC\SH_V1COMP.DIR\DEBUG\SHMODEL_TYPESK.OBJ
C:\USERS\URABE\OPENRTM\WORKSPACE\COMP1.1V64B\SHMODELS\SH_V1\BUILD1\SRC\SH_V1COMP.DIR\DEBUG\VC100.PDB
